<?xml version="1.0" encoding="UTF-8"?>
<!-- Generated by org.testng.reporters.JUnitReportReporter -->
<testsuite hostname="DESKTOP-F8KFG8V" failures="0" tests="2" name="testNGSelection.testSelectionTestNG" time="0.028" errors="0" timestamp="2024-02-13T11:51:33 IST" skipped="0">
  <testcase classname="testNGSelection.testSelectionTestNG" name="caMobile" time="0.022"/>
  <system-out/>
  <testcase classname="testNGSelection.testSelectionTestNG" name="usMobile" time="0.006"/>
  <system-out/>
</testsuite> <!-- testNGSelection.testSelectionTestNG -->
