<?xml version="1.0" encoding="UTF-8"?>
<!-- Generated by org.testng.reporters.JUnitReportReporter -->
<testsuite hostname="DESKTOP-F8KFG8V" failures="0" tests="1" name="TestNGCases" time="0.044" errors="0" timestamp="2023-12-01T20:02:42 IST" skipped="0">
  <testcase classname="TestNGCases" name="verifyPageLoaded" time="0.044"/>
  <system-out/>
</testsuite> <!-- TestNGCases -->
