<?xml version="1.0" encoding="UTF-8"?>
<!-- Generated by org.testng.reporters.JUnitReportReporter -->
<testsuite hostname="DESKTOP-F8KFG8V" failures="0" tests="4" name="test.TestNGCases" time="3.480" errors="0" timestamp="2024-03-14T12:17:33 IST" skipped="3">
  <testcase classname="test.TestNGCases" name="readExcel" time="3.480"/>
  <system-out/>
  <testcase classname="test.TestNGCases" name="getFromExcelSource">
    <skipped/>
  </testcase> <!-- getFromExcelSource -->
  <system-out/>
  <testcase classname="test.TestNGCases" name="getFromExcel">
    <skipped/>
  </testcase> <!-- getFromExcel -->
  <system-out/>
  <testcase classname="test.TestNGCases" name="homePageTest">
    <skipped/>
  </testcase> <!-- homePageTest -->
  <system-out/>
</testsuite> <!-- test.TestNGCases -->
