<?xml version="1.0" encoding="UTF-8"?>
<!-- Generated by org.testng.reporters.JUnitReportReporter -->
<testsuite hostname="DESKTOP-F8KFG8V" failures="0" tests="2" name="test.testSelectionTestNG" time="0.022" errors="0" timestamp="2023-12-04T15:58:54 IST" skipped="0">
  <testcase classname="test.testSelectionTestNG" name="caMobile" time="0.020"/>
  <system-out/>
  <testcase classname="test.testSelectionTestNG" name="usMobile" time="0.002"/>
  <system-out/>
</testsuite> <!-- test.testSelectionTestNG -->
