<?xml version="1.0" encoding="UTF-8"?>
<!-- Generated by org.testng.reporters.JUnitReportReporter -->
<testsuite hostname="DESKTOP-F8KFG8V" failures="0" tests="1" name="test.TestNGCases" time="9.730" errors="0" timestamp="2023-12-26T13:19:01 IST" skipped="0">
  <testcase classname="test.TestNGCases" name="homePage" time="9.730"/>
  <system-out/>
</testsuite> <!-- test.TestNGCases -->
