<?xml version="1.0" encoding="UTF-8"?>
<!-- Generated by org.testng.reporters.JUnitReportReporter -->
<testsuite hostname="DESKTOP-F8KFG8V" failures="0" tests="1" name="test.TestNGCases" time="4.163" errors="0" timestamp="2023-12-05T21:23:12 IST" skipped="0">
  <testcase classname="test.TestNGCases" name="loadPage" time="4.163"/>
  <system-out/>
</testsuite> <!-- test.TestNGCases -->
