<?xml version="1.0" encoding="UTF-8"?>
<!-- Generated by org.testng.reporters.JUnitReportReporter -->
<testsuite hostname="DESKTOP-F8KFG8V" failures="0" tests="2" name="testSelection.testSelectionTestNG" time="0.039" errors="0" timestamp="2023-12-04T16:49:57 IST" skipped="0">
  <testcase classname="testSelection.testSelectionTestNG" name="caMobile" time="0.029"/>
  <system-out/>
  <testcase classname="testSelection.testSelectionTestNG" name="usMobile" time="0.010"/>
  <system-out/>
</testsuite> <!-- testSelection.testSelectionTestNG -->
