<?xml version="1.0" encoding="UTF-8"?>
<!-- Generated by org.testng.reporters.JUnitReportReporter -->
<testsuite hostname="DESKTOP-F8KFG8V" failures="0" tests="2" name="testNGSelection.testSelectionTestNG" time="0.021" errors="0" timestamp="2023-12-05T16:47:13 IST" skipped="0">
  <testcase classname="testNGSelection.testSelectionTestNG" name="caMobile" time="0.018"/>
  <system-out/>
  <testcase classname="testNGSelection.testSelectionTestNG" name="usMobile" time="0.003"/>
  <system-out/>
</testsuite> <!-- testNGSelection.testSelectionTestNG -->
