<?xml version="1.0" encoding="UTF-8"?>
<!-- Generated by org.testng.reporters.JUnitReportReporter -->
<testsuite hostname="DESKTOP-F8KFG8V" failures="0" tests="2" name="uiOperations.SeleniumUIOperations" time="8.144" errors="0" timestamp="2023-12-30T21:03:09 IST" skipped="1">
  <testcase classname="uiOperations.SeleniumUIOperations" name="enterSearch" time="8.144"/>
  <system-out/>
  <testcase classname="uiOperations.SeleniumUIOperations" name="getMethods">
    <skipped/>
  </testcase> <!-- getMethods -->
  <system-out/>
</testsuite> <!-- uiOperations.SeleniumUIOperations -->
