<?xml version="1.0" encoding="UTF-8"?>
<!-- Generated by org.testng.reporters.JUnitReportReporter -->
<testsuite hostname="DESKTOP-F8KFG8V" failures="0" tests="1" name="test.TestNGCases" time="4.220" errors="0" timestamp="2023-12-05T22:56:01 IST" skipped="0">
  <testcase classname="test.TestNGCases" name="homePage" time="4.220"/>
  <system-out/>
</testsuite> <!-- test.TestNGCases -->
