<?xml version="1.0" encoding="UTF-8"?>
<!-- Generated by org.testng.reporters.JUnitReportReporter -->
<testsuite hostname="DESKTOP-F8KFG8V" failures="0" tests="1" name="test.TestNGCases" time="6.583" errors="0" timestamp="2024-02-13T12:47:43 IST" skipped="0">
  <testcase classname="test.TestNGCases" name="homePageTest" time="6.583"/>
  <system-out/>
</testsuite> <!-- test.TestNGCases -->
