<?xml version="1.0" encoding="UTF-8"?>
<!-- Generated by org.testng.reporters.JUnitReportReporter -->
<testsuite hostname="DESKTOP-F8KFG8V" failures="0" tests="1" name="test.TestNGCases" time="0.057" errors="0" timestamp="2023-12-01T20:01:18 IST" skipped="0">
  <testcase classname="test.TestNGCases" name="verifyPageLoaded" time="0.057"/>
  <system-out/>
</testsuite> <!-- test.TestNGCases -->
